<?xml version="1.0" encoding="UTF-8"?>
<testng-results retried="2" ignored="2" total="6" passed="1" failed="1" skipped="0">
  <reporter-output>
  </reporter-output>
  <suite started-at="2021-09-16T23:48:41 PDT" name="Suite" finished-at="2021-09-16T23:50:06 PDT" duration-ms="84259">
    <groups>
      <group name="Regression">
        <method signature="TC_02_CreateOrganizationTest.createOrganizationTest()[pri:0, instance:com.crm.autodesk.OrganizationTest.TC_02_CreateOrganizationTest@35e2d654]" name="createOrganizationTest" class="com.crm.autodesk.OrganizationTest.TC_02_CreateOrganizationTest"/>
      </group> <!-- Regression -->
      <group name="Smoke">
        <method signature="CreateOrganizationWithIndustry.createOrganizationWithIndustry()[pri:0, instance:com.crm.autodesk.OrganizationTest.CreateOrganizationWithIndustry@1b7cc17c]" name="createOrganizationWithIndustry" class="com.crm.autodesk.OrganizationTest.CreateOrganizationWithIndustry"/>
      </group> <!-- Smoke -->
    </groups>
    <test started-at="2021-09-16T23:48:41 PDT" name="Test" finished-at="2021-09-16T23:50:06 PDT" duration-ms="84259">
      <class name="com.crm.autodesk.OrganizationTest.TC_02_CreateOrganizationTest">
        <test-method is-config="true" signature="launchBrowser()[pri:0, instance:com.crm.autodesk.OrganizationTest.TC_02_CreateOrganizationTest@35e2d654]" started-at="2021-09-16T23:49:41 PDT" name="launchBrowser" finished-at="2021-09-16T23:49:44 PDT" duration-ms="3676" status="PASS">
          <reporter-output>
          </reporter-output>
        </test-method> <!-- launchBrowser -->
        <test-method is-config="true" signature="loginToApp()[pri:0, instance:com.crm.autodesk.OrganizationTest.TC_02_CreateOrganizationTest@35e2d654]" started-at="2021-09-16T23:49:44 PDT" name="loginToApp" finished-at="2021-09-16T23:49:48 PDT" duration-ms="3066" status="PASS">
          <reporter-output>
          </reporter-output>
        </test-method> <!-- loginToApp -->
        <test-method signature="createOrganizationTest()[pri:0, instance:com.crm.autodesk.OrganizationTest.TC_02_CreateOrganizationTest@35e2d654]" started-at="2021-09-16T23:49:48 PDT" name="createOrganizationTest" finished-at="2021-09-16T23:49:59 PDT" duration-ms="11273" status="PASS">
          <reporter-output>
          </reporter-output>
        </test-method> <!-- createOrganizationTest -->
        <test-method is-config="true" signature="logoutofApp()[pri:0, instance:com.crm.autodesk.OrganizationTest.TC_02_CreateOrganizationTest@35e2d654]" started-at="2021-09-16T23:49:59 PDT" name="logoutofApp" finished-at="2021-09-16T23:50:06 PDT" duration-ms="6768" status="PASS">
          <reporter-output>
          </reporter-output>
        </test-method> <!-- logoutofApp -->
        <test-method is-config="true" signature="closeBrowser()[pri:0, instance:com.crm.autodesk.OrganizationTest.TC_02_CreateOrganizationTest@35e2d654]" started-at="2021-09-16T23:50:06 PDT" name="closeBrowser" finished-at="2021-09-16T23:50:06 PDT" duration-ms="160" status="PASS">
          <reporter-output>
          </reporter-output>
        </test-method> <!-- closeBrowser -->
      </class> <!-- com.crm.autodesk.OrganizationTest.TC_02_CreateOrganizationTest -->
      <class name="com.crm.autodesk.OrganizationTest.CreateOrganizationWithIndustry">
        <test-method is-config="true" signature="connectDB()[pri:0, instance:com.crm.autodesk.OrganizationTest.CreateOrganizationWithIndustry@1b7cc17c]" started-at="2021-09-16T23:48:41 PDT" name="connectDB" finished-at="2021-09-16T23:48:41 PDT" duration-ms="10" status="PASS">
          <reporter-output>
          </reporter-output>
        </test-method> <!-- connectDB -->
        <test-method is-config="true" signature="launchBrowser()[pri:0, instance:com.crm.autodesk.OrganizationTest.CreateOrganizationWithIndustry@1b7cc17c]" started-at="2021-09-16T23:48:42 PDT" name="launchBrowser" finished-at="2021-09-16T23:48:47 PDT" duration-ms="5100" status="PASS">
          <reporter-output>
          </reporter-output>
        </test-method> <!-- launchBrowser -->
        <test-method is-config="true" signature="loginToApp()[pri:0, instance:com.crm.autodesk.OrganizationTest.CreateOrganizationWithIndustry@1b7cc17c]" started-at="2021-09-16T23:48:47 PDT" name="loginToApp" finished-at="2021-09-16T23:48:51 PDT" duration-ms="3577" status="PASS">
          <reporter-output>
          </reporter-output>
        </test-method> <!-- loginToApp -->
        <test-method retried="true" signature="createOrganizationWithIndustry()[pri:0, instance:com.crm.autodesk.OrganizationTest.CreateOrganizationWithIndustry@1b7cc17c]" started-at="2021-09-16T23:48:51 PDT" name="createOrganizationWithIndustry" finished-at="2021-09-16T23:48:59 PDT" duration-ms="8961" status="SKIP">
          <exception class="java.lang.AssertionError">
            <message>
              <![CDATA[expected [true] but found [false]]]>
            </message>
            <full-stacktrace>
              <![CDATA[java.lang.AssertionError: expected [true] but found [false]
at org.testng.Assert.fail(Assert.java:99)
at org.testng.Assert.failNotEquals(Assert.java:1037)
at org.testng.Assert.assertEqualsImpl(Assert.java:140)
at org.testng.Assert.assertEquals(Assert.java:122)
at org.testng.Assert.assertEquals(Assert.java:819)
at org.testng.Assert.assertEquals(Assert.java:829)
at com.crm.autodesk.OrganizationTest.CreateOrganizationWithIndustry.createOrganizationWithIndustry(CreateOrganizationWithIndustry.java:63)
at java.base/jdk.internal.reflect.NativeMethodAccessorImpl.invoke0(Native Method)
at java.base/jdk.internal.reflect.NativeMethodAccessorImpl.invoke(NativeMethodAccessorImpl.java:78)
at java.base/jdk.internal.reflect.DelegatingMethodAccessorImpl.invoke(DelegatingMethodAccessorImpl.java:43)
at java.base/java.lang.reflect.Method.invoke(Method.java:567)
at org.testng.internal.MethodInvocationHelper.invokeMethod(MethodInvocationHelper.java:133)
at org.testng.internal.TestInvoker.invokeMethod(TestInvoker.java:598)
at org.testng.internal.TestInvoker.invokeTestMethod(TestInvoker.java:173)
at org.testng.internal.MethodRunner.runInSequence(MethodRunner.java:46)
at org.testng.internal.TestInvoker$MethodInvocationAgent.invoke(TestInvoker.java:824)
at org.testng.internal.TestInvoker.invokeTestMethods(TestInvoker.java:146)
at org.testng.internal.TestMethodWorker.invokeTestMethods(TestMethodWorker.java:146)
at org.testng.internal.TestMethodWorker.run(TestMethodWorker.java:128)
at java.base/java.util.ArrayList.forEach(ArrayList.java:1511)
at org.testng.TestRunner.privateRun(TestRunner.java:794)
at org.testng.TestRunner.run(TestRunner.java:596)
at org.testng.SuiteRunner.runTest(SuiteRunner.java:377)
at org.testng.SuiteRunner.runSequentially(SuiteRunner.java:371)
at org.testng.SuiteRunner.privateRun(SuiteRunner.java:332)
at org.testng.SuiteRunner.run(SuiteRunner.java:276)
at org.testng.SuiteRunnerWorker.runSuite(SuiteRunnerWorker.java:53)
at org.testng.SuiteRunnerWorker.run(SuiteRunnerWorker.java:96)
at org.testng.TestNG.runSuitesSequentially(TestNG.java:1212)
at org.testng.TestNG.runSuitesLocally(TestNG.java:1134)
at org.testng.TestNG.runSuites(TestNG.java:1063)
at org.testng.TestNG.run(TestNG.java:1031)
at org.testng.remote.AbstractRemoteTestNG.run(AbstractRemoteTestNG.java:115)
at org.testng.remote.RemoteTestNG.initAndRun(RemoteTestNG.java:251)
at org.testng.remote.RemoteTestNG.main(RemoteTestNG.java:77)
]]>
            </full-stacktrace>
          </exception> <!-- java.lang.AssertionError -->
          <reporter-output>
          </reporter-output>
        </test-method> <!-- createOrganizationWithIndustry -->
        <test-method is-config="true" signature="logoutofApp()[pri:0, instance:com.crm.autodesk.OrganizationTest.CreateOrganizationWithIndustry@1b7cc17c]" started-at="2021-09-16T23:49:00 PDT" name="logoutofApp" finished-at="2021-09-16T23:49:06 PDT" duration-ms="6635" status="PASS">
          <reporter-output>
          </reporter-output>
        </test-method> <!-- logoutofApp -->
        <test-method is-config="true" signature="loginToApp()[pri:0, instance:com.crm.autodesk.OrganizationTest.CreateOrganizationWithIndustry@1b7cc17c]" started-at="2021-09-16T23:49:06 PDT" name="loginToApp" finished-at="2021-09-16T23:49:09 PDT" duration-ms="2804" status="PASS">
          <reporter-output>
          </reporter-output>
        </test-method> <!-- loginToApp -->
        <test-method retried="true" signature="createOrganizationWithIndustry()[pri:0, instance:com.crm.autodesk.OrganizationTest.CreateOrganizationWithIndustry@1b7cc17c]" started-at="2021-09-16T23:49:09 PDT" name="createOrganizationWithIndustry" finished-at="2021-09-16T23:49:17 PDT" duration-ms="7797" status="SKIP">
          <exception class="java.lang.AssertionError">
            <message>
              <![CDATA[expected [true] but found [false]]]>
            </message>
            <full-stacktrace>
              <![CDATA[java.lang.AssertionError: expected [true] but found [false]
at org.testng.Assert.fail(Assert.java:99)
at org.testng.Assert.failNotEquals(Assert.java:1037)
at org.testng.Assert.assertEqualsImpl(Assert.java:140)
at org.testng.Assert.assertEquals(Assert.java:122)
at org.testng.Assert.assertEquals(Assert.java:819)
at org.testng.Assert.assertEquals(Assert.java:829)
at com.crm.autodesk.OrganizationTest.CreateOrganizationWithIndustry.createOrganizationWithIndustry(CreateOrganizationWithIndustry.java:63)
at java.base/jdk.internal.reflect.NativeMethodAccessorImpl.invoke0(Native Method)
at java.base/jdk.internal.reflect.NativeMethodAccessorImpl.invoke(NativeMethodAccessorImpl.java:78)
at java.base/jdk.internal.reflect.DelegatingMethodAccessorImpl.invoke(DelegatingMethodAccessorImpl.java:43)
at java.base/java.lang.reflect.Method.invoke(Method.java:567)
at org.testng.internal.MethodInvocationHelper.invokeMethod(MethodInvocationHelper.java:133)
at org.testng.internal.TestInvoker.invokeMethod(TestInvoker.java:598)
at org.testng.internal.TestInvoker.retryFailed(TestInvoker.java:213)
at org.testng.internal.MethodRunner.runInSequence(MethodRunner.java:58)
at org.testng.internal.TestInvoker$MethodInvocationAgent.invoke(TestInvoker.java:824)
at org.testng.internal.TestInvoker.invokeTestMethods(TestInvoker.java:146)
at org.testng.internal.TestMethodWorker.invokeTestMethods(TestMethodWorker.java:146)
at org.testng.internal.TestMethodWorker.run(TestMethodWorker.java:128)
at java.base/java.util.ArrayList.forEach(ArrayList.java:1511)
at org.testng.TestRunner.privateRun(TestRunner.java:794)
at org.testng.TestRunner.run(TestRunner.java:596)
at org.testng.SuiteRunner.runTest(SuiteRunner.java:377)
at org.testng.SuiteRunner.runSequentially(SuiteRunner.java:371)
at org.testng.SuiteRunner.privateRun(SuiteRunner.java:332)
at org.testng.SuiteRunner.run(SuiteRunner.java:276)
at org.testng.SuiteRunnerWorker.runSuite(SuiteRunnerWorker.java:53)
at org.testng.SuiteRunnerWorker.run(SuiteRunnerWorker.java:96)
at org.testng.TestNG.runSuitesSequentially(TestNG.java:1212)
at org.testng.TestNG.runSuitesLocally(TestNG.java:1134)
at org.testng.TestNG.runSuites(TestNG.java:1063)
at org.testng.TestNG.run(TestNG.java:1031)
at org.testng.remote.AbstractRemoteTestNG.run(AbstractRemoteTestNG.java:115)
at org.testng.remote.RemoteTestNG.initAndRun(RemoteTestNG.java:251)
at org.testng.remote.RemoteTestNG.main(RemoteTestNG.java:77)
]]>
            </full-stacktrace>
          </exception> <!-- java.lang.AssertionError -->
          <reporter-output>
          </reporter-output>
        </test-method> <!-- createOrganizationWithIndustry -->
        <test-method is-config="true" signature="logoutofApp()[pri:0, instance:com.crm.autodesk.OrganizationTest.CreateOrganizationWithIndustry@1b7cc17c]" started-at="2021-09-16T23:49:17 PDT" name="logoutofApp" finished-at="2021-09-16T23:49:23 PDT" duration-ms="6573" status="PASS">
          <reporter-output>
          </reporter-output>
        </test-method> <!-- logoutofApp -->
        <test-method is-config="true" signature="loginToApp()[pri:0, instance:com.crm.autodesk.OrganizationTest.CreateOrganizationWithIndustry@1b7cc17c]" started-at="2021-09-16T23:49:23 PDT" name="loginToApp" finished-at="2021-09-16T23:49:26 PDT" duration-ms="2696" status="PASS">
          <reporter-output>
          </reporter-output>
        </test-method> <!-- loginToApp -->
        <test-method signature="createOrganizationWithIndustry()[pri:0, instance:com.crm.autodesk.OrganizationTest.CreateOrganizationWithIndustry@1b7cc17c]" started-at="2021-09-16T23:49:26 PDT" name="createOrganizationWithIndustry" finished-at="2021-09-16T23:49:34 PDT" duration-ms="7785" status="FAIL">
          <exception class="java.lang.AssertionError">
            <message>
              <![CDATA[expected [true] but found [false]]]>
            </message>
            <full-stacktrace>
              <![CDATA[java.lang.AssertionError: expected [true] but found [false]
at org.testng.Assert.fail(Assert.java:99)
at org.testng.Assert.failNotEquals(Assert.java:1037)
at org.testng.Assert.assertEqualsImpl(Assert.java:140)
at org.testng.Assert.assertEquals(Assert.java:122)
at org.testng.Assert.assertEquals(Assert.java:819)
at org.testng.Assert.assertEquals(Assert.java:829)
at com.crm.autodesk.OrganizationTest.CreateOrganizationWithIndustry.createOrganizationWithIndustry(CreateOrganizationWithIndustry.java:63)
at java.base/jdk.internal.reflect.NativeMethodAccessorImpl.invoke0(Native Method)
at java.base/jdk.internal.reflect.NativeMethodAccessorImpl.invoke(NativeMethodAccessorImpl.java:78)
at java.base/jdk.internal.reflect.DelegatingMethodAccessorImpl.invoke(DelegatingMethodAccessorImpl.java:43)
at java.base/java.lang.reflect.Method.invoke(Method.java:567)
at org.testng.internal.MethodInvocationHelper.invokeMethod(MethodInvocationHelper.java:133)
at org.testng.internal.TestInvoker.invokeMethod(TestInvoker.java:598)
at org.testng.internal.TestInvoker.retryFailed(TestInvoker.java:213)
at org.testng.internal.MethodRunner.runInSequence(MethodRunner.java:58)
at org.testng.internal.TestInvoker$MethodInvocationAgent.invoke(TestInvoker.java:824)
at org.testng.internal.TestInvoker.invokeTestMethods(TestInvoker.java:146)
at org.testng.internal.TestMethodWorker.invokeTestMethods(TestMethodWorker.java:146)
at org.testng.internal.TestMethodWorker.run(TestMethodWorker.java:128)
at java.base/java.util.ArrayList.forEach(ArrayList.java:1511)
at org.testng.TestRunner.privateRun(TestRunner.java:794)
at org.testng.TestRunner.run(TestRunner.java:596)
at org.testng.SuiteRunner.runTest(SuiteRunner.java:377)
at org.testng.SuiteRunner.runSequentially(SuiteRunner.java:371)
at org.testng.SuiteRunner.privateRun(SuiteRunner.java:332)
at org.testng.SuiteRunner.run(SuiteRunner.java:276)
at org.testng.SuiteRunnerWorker.runSuite(SuiteRunnerWorker.java:53)
at org.testng.SuiteRunnerWorker.run(SuiteRunnerWorker.java:96)
at org.testng.TestNG.runSuitesSequentially(TestNG.java:1212)
at org.testng.TestNG.runSuitesLocally(TestNG.java:1134)
at org.testng.TestNG.runSuites(TestNG.java:1063)
at org.testng.TestNG.run(TestNG.java:1031)
at org.testng.remote.AbstractRemoteTestNG.run(AbstractRemoteTestNG.java:115)
at org.testng.remote.RemoteTestNG.initAndRun(RemoteTestNG.java:251)
at org.testng.remote.RemoteTestNG.main(RemoteTestNG.java:77)
]]>
            </full-stacktrace>
          </exception> <!-- java.lang.AssertionError -->
          <reporter-output>
          </reporter-output>
        </test-method> <!-- createOrganizationWithIndustry -->
        <test-method is-config="true" signature="logoutofApp()[pri:0, instance:com.crm.autodesk.OrganizationTest.CreateOrganizationWithIndustry@1b7cc17c]" started-at="2021-09-16T23:49:34 PDT" name="logoutofApp" finished-at="2021-09-16T23:49:41 PDT" duration-ms="6576" status="PASS">
          <reporter-output>
          </reporter-output>
        </test-method> <!-- logoutofApp -->
        <test-method is-config="true" signature="closeBrowser()[pri:0, instance:com.crm.autodesk.OrganizationTest.CreateOrganizationWithIndustry@1b7cc17c]" started-at="2021-09-16T23:49:41 PDT" name="closeBrowser" finished-at="2021-09-16T23:49:41 PDT" duration-ms="136" status="PASS">
          <reporter-output>
          </reporter-output>
        </test-method> <!-- closeBrowser -->
        <test-method is-config="true" signature="closeDB()[pri:0, instance:com.crm.autodesk.OrganizationTest.CreateOrganizationWithIndustry@1b7cc17c]" started-at="2021-09-16T23:50:06 PDT" name="closeDB" finished-at="2021-09-16T23:50:06 PDT" duration-ms="1" status="PASS">
          <reporter-output>
          </reporter-output>
        </test-method> <!-- closeDB -->
      </class> <!-- com.crm.autodesk.OrganizationTest.CreateOrganizationWithIndustry -->
    </test> <!-- Test -->
  </suite> <!-- Suite -->
</testng-results>
